2025-01-08 08:33:37 [PicList INFO] Before transform 
2025-01-08 08:33:37 [PicList INFO] Transforming... Current transformer is [path] 
2025-01-08 08:33:37 [PicList INFO] Before upload 
2025-01-08 08:33:37 [PicList INFO] beforeUploadPlugins: renameFn running 
2025-01-08 08:33:37 [PicList INFO] Uploading... Current uploader is [github] 
2025-01-08 08:33:38 [PicList WARN] failed 
2025-01-08 08:33:38 [PicList ERROR] {
  "method": "PUT",
  "url": "https://api.github.com/repos/melodyimdIMD/pics/contents/img/20250108083337849.png",
  "statusCode": 401,
  "message": "Request failed with status code 401",
  "stack": "AxiosError: Request failed with status code 401\n    at settle (C:\\Users\\jl93330\\AppData\\Local\\Programs\\PicList\\resources\\app.asar\\node_modules\\axios\\dist\\node\\axios.cjs:1966:12)\n    at IncomingMessage.handleStreamEnd (C:\\Users\\jl93330\\AppData\\Local\\Programs\\PicList\\resources\\app.asar\\node_modules\\axios\\dist\\node\\axios.cjs:3065:11)\n    at IncomingMessage.emit (node:events:525:35)\n    at endReadableNT (node:internal/streams/readable:1358:12)\n    at process.processTicksAndRejections (node:internal/process/task_queues:83:21)",
  "response": {
    "status": 401,
    "statusCode": 401,
    "body": {
      "message": "Bad credentials",
      "documentation_url": "https://docs.github.com/rest",
      "status": "401"
    }
  }
} 
2025-01-08 08:33:38 [PicList ERROR] {
  "method": "PUT",
  "url": "https://api.github.com/repos/melodyimdIMD/pics/contents/img/20250108083337849.png",
  "statusCode": 401,
  "message": "Request failed with status code 401",
  "stack": "AxiosError: Request failed with status code 401\n    at settle (C:\\Users\\jl93330\\AppData\\Local\\Programs\\PicList\\resources\\app.asar\\node_modules\\axios\\dist\\node\\axios.cjs:1966:12)\n    at IncomingMessage.handleStreamEnd (C:\\Users\\jl93330\\AppData\\Local\\Programs\\PicList\\resources\\app.asar\\node_modules\\axios\\dist\\node\\axios.cjs:3065:11)\n    at IncomingMessage.emit (node:events:525:35)\n    at endReadableNT (node:internal/streams/readable:1358:12)\n    at process.processTicksAndRejections (node:internal/process/task_queues:83:21)",
  "response": {
    "status": 401,
    "statusCode": 401,
    "body": {
      "message": "Bad credentials",
      "documentation_url": "https://docs.github.com/rest",
      "status": "401"
    }
  }
} 
2025-01-08 08:33:50 [PicList ERROR] sync config is invalid 
2025-01-08 08:33:51 [PicList ERROR] sync config is invalid 
2025-01-08 08:33:53 [PicList ERROR] sync config is invalid 
2025-01-08 09:29:01 [PicList INFO] Before transform 
2025-01-08 09:29:01 [PicList INFO] Transforming... Current transformer is [path] 
2025-01-08 09:29:01 [PicList WARN] can't get C:\Users\jl93330\AppData\Roaming\piclist\piclist.log's image size 
2025-01-08 09:29:01 [PicList WARN] fallback to 200 * 200 
2025-01-08 09:29:01 [PicList INFO] Before upload 
2025-01-08 09:29:01 [PicList INFO] beforeUploadPlugins: renameFn running 
2025-01-08 09:29:01 [PicList INFO] Uploading... Current uploader is [github] 
2025-01-08 09:29:02 [PicList WARN] failed 
2025-01-08 09:29:02 [PicList ERROR] {
  "method": "PUT",
  "url": "https://api.github.com/repos/melodyimdIMD/pics/contents/img/piclist.log",
  "statusCode": 401,
  "message": "Request failed with status code 401",
  "stack": "AxiosError: Request failed with status code 401\n    at settle (C:\\Users\\jl93330\\AppData\\Local\\Programs\\PicList\\resources\\app.asar\\node_modules\\axios\\dist\\node\\axios.cjs:1966:12)\n    at IncomingMessage.handleStreamEnd (C:\\Users\\jl93330\\AppData\\Local\\Programs\\PicList\\resources\\app.asar\\node_modules\\axios\\dist\\node\\axios.cjs:3065:11)\n    at IncomingMessage.emit (node:events:525:35)\n    at endReadableNT (node:internal/streams/readable:1358:12)\n    at process.processTicksAndRejections (node:internal/process/task_queues:83:21)",
  "response": {
    "status": 401,
    "statusCode": 401,
    "body": {
      "message": "Bad credentials",
      "documentation_url": "https://docs.github.com/rest",
      "status": "401"
    }
  }
} 
2025-01-08 09:29:02 [PicList ERROR] {
  "method": "PUT",
  "url": "https://api.github.com/repos/melodyimdIMD/pics/contents/img/piclist.log",
  "statusCode": 401,
  "message": "Request failed with status code 401",
  "stack": "AxiosError: Request failed with status code 401\n    at settle (C:\\Users\\jl93330\\AppData\\Local\\Programs\\PicList\\resources\\app.asar\\node_modules\\axios\\dist\\node\\axios.cjs:1966:12)\n    at IncomingMessage.handleStreamEnd (C:\\Users\\jl93330\\AppData\\Local\\Programs\\PicList\\resources\\app.asar\\node_modules\\axios\\dist\\node\\axios.cjs:3065:11)\n    at IncomingMessage.emit (node:events:525:35)\n    at endReadableNT (node:internal/streams/readable:1358:12)\n    at process.processTicksAndRejections (node:internal/process/task_queues:83:21)",
  "response": {
    "status": 401,
    "statusCode": 401,
    "body": {
      "message": "Bad credentials",
      "documentation_url": "https://docs.github.com/rest",
      "status": "401"
    }
  }
} 
2025-01-08 09:32:13 [PicList INFO] [PicList Server] shutdown 
2025-01-08 09:32:13 [PicList INFO] Web server is stopped 
2025-01-08 09:32:13 [PicList INFO] File server is stopped 
